d:\visual studio\code\investwinapp\investwinapp\x64\debug\investwinapp.pch
d:\visual studio\code\investwinapp\investwinapp\x64\debug\vc143.pdb
d:\visual studio\code\investwinapp\investwinapp\x64\debug\pch.obj
d:\visual studio\code\investwinapp\investwinapp\x64\debug\investwinapp.obj
d:\visual studio\code\investwinapp\investwinapp\x64\debug\assemblyinfo.obj
d:\visual studio\code\investwinapp\investwinapp\x64\debug\.netframework,version=v4.8.assemblyattributes.obj
d:\visual studio\code\investwinapp\x64\debug\investwinapp.exe
d:\visual studio\code\investwinapp\x64\debug\investwinapp.pdb
d:\visual studio\code\investwinapp\investwinapp\x64\debug\app.res
d:\visual studio\code\investwinapp\investwinapp\x64\debug\investwinapp.tlog\cl.command.1.tlog
d:\visual studio\code\investwinapp\investwinapp\x64\debug\investwinapp.tlog\cl.items.tlog
d:\visual studio\code\investwinapp\investwinapp\x64\debug\investwinapp.tlog\cl.read.1.tlog
d:\visual studio\code\investwinapp\investwinapp\x64\debug\investwinapp.tlog\cl.write.1.tlog
d:\visual studio\code\investwinapp\investwinapp\x64\debug\investwinapp.tlog\link.command.1.tlog
d:\visual studio\code\investwinapp\investwinapp\x64\debug\investwinapp.tlog\link.read.1.tlog
d:\visual studio\code\investwinapp\investwinapp\x64\debug\investwinapp.tlog\link.write.1.tlog
d:\visual studio\code\investwinapp\investwinapp\x64\debug\investwinapp.tlog\metagen.read.1.tlog
d:\visual studio\code\investwinapp\investwinapp\x64\debug\investwinapp.tlog\metagen.write.1.tlog
d:\visual studio\code\investwinapp\investwinapp\x64\debug\investwinapp.tlog\rc.command.1.tlog
d:\visual studio\code\investwinapp\investwinapp\x64\debug\investwinapp.tlog\rc.read.1.tlog
d:\visual studio\code\investwinapp\investwinapp\x64\debug\investwinapp.tlog\rc.write.1.tlog
d:\visual studio\code\investwinapp\investwinapp\x64\debug\investwinapp.tlog\resgen.command.1.tlog
d:\visual studio\code\investwinapp\investwinapp\x64\debug\investwinapp.tlog\resgen.read.1.tlog
d:\visual studio\code\investwinapp\investwinapp\x64\debug\investwinapp.tlog\resgen.write.1.tlog
